============================= test session starts ==============================
platform linux -- Python 3.12.3, pytest-9.0.2, pluggy-1.6.0 -- /usr/bin/python3
cachedir: .pytest_cache
rootdir: /home/nomaan/captain-system
collecting ... collected 95 items

tests/test_b2_regime.py::TestBinaryRegimeHighVol::test_binary_high_vol PASSED [  1%]
tests/test_b2_regime.py::TestBinaryRegimeHighVol::test_full_run_binary_high_vol PASSED [  2%]
tests/test_b2_regime.py::TestBinaryRegimeLowVol::test_binary_low_vol PASSED [  3%]
tests/test_b2_regime.py::TestBinaryRegimeLowVol::test_full_run_binary_low_vol PASSED [  4%]
tests/test_b2_regime.py::TestRegimeNeutralFallback::test_classifier_neutral PASSED [  5%]
tests/test_b2_regime.py::TestRegimeNeutralFallback::test_full_run_neutral PASSED [  6%]
tests/test_b2_regime.py::TestRegimeNeutralFallback::test_no_model_fallback PASSED [  7%]
tests/test_b2_regime.py::TestArgmaxRegime::test_high_vol_dominant PASSED [  8%]
tests/test_b2_regime.py::TestArgmaxRegime::test_equal_probs PASSED       [  9%]
tests/test_b2_regime.py::TestArgmaxRegime::test_empty_fallback PASSED    [ 10%]
tests/test_b3_aim.py::TestAllAimsActive::test_combined_modifier_in_bounds PASSED [ 11%]
tests/test_b3_aim.py::TestAllAimsActive::test_weighted_average_correctness PASSED [ 12%]
tests/test_b3_aim.py::TestAllAimsSuppressed::test_no_active_aims PASSED  [ 13%]
tests/test_b3_aim.py::TestAllAimsSuppressed::test_none_included PASSED   [ 14%]
tests/test_b3_aim.py::TestMixedActiveAims::test_only_active_contribute PASSED [ 15%]
tests/test_b3_aim.py::TestColdStartFewActiveAims::test_two_aims_active_combined_reasonable PASSED [ 16%]
tests/test_b3_aim.py::TestColdStartFewActiveAims::test_three_aims_active_combined_in_bounds PASSED [ 17%]
tests/test_b3_aim.py::TestColdStartFewActiveAims::test_few_aims_breakdown_only_contains_active PASSED [ 18%]
tests/test_b3_aim.py::TestColdStartAllWarmUp::test_all_warmup_returns_neutral PASSED [ 20%]
tests/test_b3_aim.py::TestColdStartAllWarmUp::test_all_eligible_not_active_returns_neutral PASSED [ 21%]
tests/test_b3_aim.py::TestColdStartSingleExtremeAim::test_single_aim_extreme_low PASSED [ 22%]
tests/test_b3_aim.py::TestColdStartSingleExtremeAim::test_single_aim_extreme_high PASSED [ 23%]
tests/test_b3_aim.py::TestColdStartSingleExtremeAim::test_single_aim_beyond_ceiling_clamped PASSED [ 24%]
tests/test_b3_aim.py::TestColdStartSingleExtremeAim::test_single_aim_below_floor_clamped PASSED [ 25%]
tests/test_b4_kelly.py::TestNormalKellySizing::test_produces_contracts PASSED [ 26%]
tests/test_b4_kelly.py::TestSiloDrawdownBlocked::test_all_blocked PASSED [ 27%]
tests/test_b4_kelly.py::TestMddConstraintBinding::test_mdd_caps_to_zero PASSED [ 28%]
tests/test_b4_kelly.py::TestLevel2Override::test_override_halves PASSED  [ 29%]
tests/test_b4_kelly.py::TestPassEvalRiskGoal::test_pass_eval_reduces PASSED [ 30%]
tests/test_b4_kelly.py::TestZeroKelly::test_no_edge PASSED               [ 31%]
tests/test_b4_kelly.py::TestZeroKelly::test_zero_contracts PASSED        [ 32%]
tests/test_b4_kelly.py::TestKellyHelpers::test_compute_kelly_positive_edge PASSED [ 33%]
tests/test_b4_kelly.py::TestKellyHelpers::test_compute_kelly_no_edge PASSED [ 34%]
tests/test_b4_kelly.py::TestKellyHelpers::test_compute_kelly_zero_loss PASSED [ 35%]
tests/test_b4_kelly.py::TestKellyHelpers::test_compute_shrinkage_low_n PASSED [ 36%]
tests/test_b4_kelly.py::TestKellyHelpers::test_compute_shrinkage_high_n PASSED [ 37%]
tests/test_b4_kelly.py::TestKellyHelpers::test_apply_risk_goal_grow PASSED [ 38%]
tests/test_b4_kelly.py::TestKellyHelpers::test_apply_risk_goal_preserve PASSED [ 40%]
tests/test_b4_kelly.py::TestKellyHelpers::test_apply_risk_goal_pass_eval_high_prob PASSED [ 41%]
tests/test_b4_kelly.py::TestKellyHelpers::test_get_expected_fee_from_schedule PASSED [ 42%]
tests/test_b4_kelly.py::TestKellyHelpers::test_get_expected_fee_fallback PASSED [ 43%]
tests/test_b5_selection.py::TestUncorrelatedAssets::test_both_selected PASSED [ 44%]
tests/test_b5_selection.py::TestCorrelatedAssets::test_lower_scoring_reduced PASSED [ 45%]
tests/test_b5b_quality.py::TestQualityAboveCeiling::test_above_ceiling PASSED [ 46%]
tests/test_b5b_quality.py::TestQualityBetweenFloorAndCeiling::test_between_floor_ceiling PASSED [ 47%]
tests/test_b5b_quality.py::TestQualityBelowFloor::test_below_floor PASSED [ 48%]
tests/test_b5c_circuit.py::TestAllLayersPass::test_no_blocks PASSED      [ 49%]
tests/test_b5c_circuit.py::TestL0ScalingCap::test_scaling_cap_blocks PASSED [ 50%]
tests/test_b5c_circuit.py::TestL0ScalingCap::test_scaling_cap_passes PASSED [ 51%]
tests/test_b5c_circuit.py::TestL0ScalingCap::test_live_account_skips_scaling PASSED [ 52%]
tests/test_b5c_circuit.py::TestL1PreemptiveHalt::test_preemptive_halt_blocks PASSED [ 53%]
tests/test_b5c_circuit.py::TestL1PreemptiveHalt::test_preemptive_halt_passes PASSED [ 54%]
tests/test_b5c_circuit.py::TestL1PreemptiveHalt::test_l1_integration_blocks PASSED [ 55%]
tests/test_b5c_circuit.py::TestL2Budget::test_budget_exhausted PASSED    [ 56%]
tests/test_b5c_circuit.py::TestL2Budget::test_budget_available PASSED    [ 57%]
tests/test_b5c_circuit.py::TestL2Budget::test_budget_exact_boundary PASSED [ 58%]
tests/test_b5c_circuit.py::TestL2Budget::test_l2_integration_blocks PASSED [ 60%]
tests/test_b5c_circuit.py::TestL3BasketExpectancy::test_negative_expectancy_blocks PASSED [ 61%]
tests/test_b5c_circuit.py::TestL3BasketExpectancy::test_positive_expectancy_passes PASSED [ 62%]
tests/test_b5c_circuit.py::TestL3BasketExpectancy::test_cold_start_skips PASSED [ 63%]
tests/test_b5c_circuit.py::TestL3BasketExpectancy::test_no_params_skips PASSED [ 64%]
tests/test_b5c_circuit.py::TestL3BasketExpectancy::test_l3_integration_blocks PASSED [ 65%]
tests/test_b5c_circuit.py::TestL4CorrelationSharpe::test_sharpe_below_threshold_blocks PASSED [ 66%]
tests/test_b5c_circuit.py::TestL4CorrelationSharpe::test_sharpe_above_threshold_passes PASSED [ 67%]
tests/test_b5c_circuit.py::TestL4CorrelationSharpe::test_cold_start_passes PASSED [ 68%]
tests/test_b5c_circuit.py::TestNonTopstepBypass::test_non_topstep_bypasses PASSED [ 69%]
tests/test_b6_signal.py::TestSignalStructure::test_all_fields_present PASSED [ 70%]
tests/test_b6_signal.py::TestSignalStructure::test_below_threshold_transparency PASSED [ 71%]
tests/test_b6_signal.py::TestConfidenceClassification::test_high_confidence PASSED [ 72%]
tests/test_b6_signal.py::TestConfidenceClassification::test_medium_confidence PASSED [ 73%]
tests/test_b6_signal.py::TestConfidenceClassification::test_low_confidence PASSED [ 74%]
tests/test_b6_signal.py::TestTPSLComputation::test_tp_long PASSED        [ 75%]
tests/test_b6_signal.py::TestTPSLComputation::test_sl_long PASSED        [ 76%]
tests/test_or_tracker.py::TestSessionRegistry::test_asset_session_map PASSED [ 77%]
tests/test_or_tracker.py::TestSessionRegistry::test_or_times_ny PASSED   [ 78%]
tests/test_or_tracker.py::TestSessionRegistry::test_or_times_apac PASSED [ 80%]
tests/test_or_tracker.py::TestSessionRegistry::test_unknown_asset_defaults_ny PASSED [ 81%]
tests/test_or_tracker.py::TestAssetORSession::test_initial_state PASSED  [ 82%]
tests/test_or_tracker.py::TestAssetORSession::test_or_range_computation PASSED [ 83%]
tests/test_or_tracker.py::TestAssetORSession::test_is_resolved PASSED    [ 84%]
tests/test_or_tracker.py::TestORFormation::test_waiting_before_or_start PASSED [ 85%]
tests/test_or_tracker.py::TestORFormation::test_forming_on_first_tick_in_window PASSED [ 86%]
tests/test_or_tracker.py::TestORFormation::test_high_low_tracked_during_formation PASSED [ 87%]
tests/test_or_tracker.py::TestORFormation::test_complete_at_or_end PASSED [ 88%]
tests/test_or_tracker.py::TestORBreakout::test_breakout_long PASSED      [ 89%]
tests/test_or_tracker.py::TestORBreakout::test_breakout_short PASSED     [ 90%]
tests/test_or_tracker.py::TestORBreakout::test_no_breakout_within_range PASSED [ 91%]
tests/test_or_tracker.py::TestORBreakout::test_gap_through_both_sides_larger_penetration_wins PASSED [ 92%]
tests/test_or_tracker.py::TestORBreakout::test_immediate_breakout_at_or_close PASSED [ 93%]
tests/test_or_tracker.py::TestORExpiry::test_expiry_after_cutoff PASSED  [ 94%]
tests/test_or_tracker.py::TestORExpiry::test_no_expiry_before_cutoff PASSED [ 95%]
tests/test_or_tracker.py::TestORTrackerMultiAsset::test_independent_tracking PASSED [ 96%]
tests/test_or_tracker.py::TestORTrackerMultiAsset::test_different_session_types PASSED [ 97%]
tests/test_or_tracker.py::TestORTrackerMultiAsset::test_clear PASSED     [ 98%]
tests/test_or_tracker.py::TestNarrowOR::test_narrow_range_still_detects_breakout PASSED [100%]

============================== 95 passed in 0.41s ==============================
